{
  "uid" : "895f2615dc7dba85",
  "name" : "Email field test with invalid values to test \"incorrect feild\" alert -- @1.16 ",
  "fullName" : "Testing confirmation for structure page: Email field test with invalid values to test \"incorrect feild\" alert",
  "historyId" : "bea125f0291d0b93d87dda4cbf7e5a9f",
  "time" : {
    "start" : 1675983263998,
    "stop" : 1675983264264,
    "duration" : 266
  },
  "status" : "failed",
  "statusMessage" : "AssertionError: Field דוא\"ל  considered as valid in the invalid test\n",
  "statusTrace" : "  File \"C:\\Users\\LENOVO\\Desktop\\JERUSALEMMUNI\\venv\\Lib\\site-packages\\behave\\model.py\", line 1329, in run\n    match.run(runner.context)\n  File \"C:\\Users\\LENOVO\\Desktop\\JERUSALEMMUNI\\venv\\Lib\\site-packages\\behave\\matchers.py\", line 98, in run\n    self.func(context, *args, **kwargs)\n  File \"steps\\general.py\", line 162, in field_has_invalid_value\n    assert widget.is_invalid is True and widget.is_valid is False and widget.check_alert_text(\n                                                                      ^^^^^^^^^^^^^^^^^^^^^^^^\n",
  "flaky" : false,
  "beforeStages" : [ ],
  "testStage" : {
    "status" : "failed",
    "statusMessage" : "AssertionError: Field דוא\"ל  considered as valid in the invalid test\n",
    "statusTrace" : "  File \"C:\\Users\\LENOVO\\Desktop\\JERUSALEMMUNI\\venv\\Lib\\site-packages\\behave\\model.py\", line 1329, in run\n    match.run(runner.context)\n  File \"C:\\Users\\LENOVO\\Desktop\\JERUSALEMMUNI\\venv\\Lib\\site-packages\\behave\\matchers.py\", line 98, in run\n    self.func(context, *args, **kwargs)\n  File \"steps\\general.py\", line 162, in field_has_invalid_value\n    assert widget.is_invalid is True and widget.is_valid is False and widget.check_alert_text(\n                                                                      ^^^^^^^^^^^^^^^^^^^^^^^^\n",
    "steps" : [ {
      "name" : "Given I navigate to \"ConfirmationForStructure\" page",
      "time" : {
        "start" : 1675983263999,
        "stop" : 1675983263999,
        "duration" : 0
      },
      "status" : "passed",
      "steps" : [ ],
      "attachments" : [ ],
      "parameters" : [ ],
      "hasContent" : false,
      "stepsCount" : 0,
      "attachmentsCount" : 0,
      "shouldDisplayMessage" : false
    }, {
      "name" : "When I write \"email.with_underscore@com.com\" in \"דוא\"ל\"",
      "time" : {
        "start" : 1675983263999,
        "stop" : 1675983264091,
        "duration" : 92
      },
      "status" : "passed",
      "steps" : [ ],
      "attachments" : [ ],
      "parameters" : [ ],
      "hasContent" : false,
      "stepsCount" : 0,
      "attachmentsCount" : 0,
      "shouldDisplayMessage" : false
    }, {
      "name" : "Then field \"דוא\"ל\" has invalid value and with alert \"שדה לא תקין\"",
      "time" : {
        "start" : 1675983264092,
        "stop" : 1675983264264,
        "duration" : 172
      },
      "status" : "failed",
      "statusMessage" : "AssertionError: Field דוא\"ל  considered as valid in the invalid test\n",
      "statusTrace" : "  File \"C:\\Users\\LENOVO\\Desktop\\JERUSALEMMUNI\\venv\\Lib\\site-packages\\behave\\model.py\", line 1329, in run\n    match.run(runner.context)\n  File \"C:\\Users\\LENOVO\\Desktop\\JERUSALEMMUNI\\venv\\Lib\\site-packages\\behave\\matchers.py\", line 98, in run\n    self.func(context, *args, **kwargs)\n  File \"steps\\general.py\", line 162, in field_has_invalid_value\n    assert widget.is_invalid is True and widget.is_valid is False and widget.check_alert_text(\n                                                                      ^^^^^^^^^^^^^^^^^^^^^^^^\n",
      "steps" : [ ],
      "attachments" : [ {
        "uid" : "b199eadaf0fcbc7d",
        "name" : "ScreenShot After Failure",
        "source" : "b199eadaf0fcbc7d.png",
        "type" : "image/png",
        "size" : 93150
      } ],
      "parameters" : [ ],
      "hasContent" : true,
      "stepsCount" : 0,
      "attachmentsCount" : 1,
      "shouldDisplayMessage" : true
    } ],
    "attachments" : [ ],
    "parameters" : [ ],
    "hasContent" : true,
    "stepsCount" : 3,
    "attachmentsCount" : 1,
    "shouldDisplayMessage" : false
  },
  "afterStages" : [ ],
  "labels" : [ {
    "name" : "severity",
    "value" : "critical"
  }, {
    "name" : "feature",
    "value" : "Testing confirmation for structure page"
  }, {
    "name" : "framework",
    "value" : "behave"
  }, {
    "name" : "language",
    "value" : "cpython3"
  }, {
    "name" : "resultFormat",
    "value" : "allure2"
  } ],
  "parameters" : [ {
    "name" : "text",
    "value" : "email.with_underscore@com.com"
  } ],
  "links" : [ ],
  "hidden" : false,
  "retry" : false,
  "extra" : {
    "severity" : "critical",
    "retries" : [ ],
    "categories" : [ {
      "name" : "Product defects",
      "matchedStatuses" : [ ],
      "flaky" : false
    } ],
    "tags" : [ ]
  },
  "source" : "895f2615dc7dba85.json",
  "parameterValues" : [ "email.with_underscore@com.com" ]
}