{"name": "Family name field test with invalid values to test the alert \"only numbers and special characters allowed\" message -- @1.35 ", "status": "failed", "statusDetails": {"message": "AssertionError: Field שם משפחה  considered as valid in the invalid test\n", "trace": "  File \"C:\\Users\\LENOVO\\Desktop\\JERUSALEMMUNI\\venv\\Lib\\site-packages\\behave\\model.py\", line 1329, in run\n    match.run(runner.context)\n  File \"C:\\Users\\LENOVO\\Desktop\\JERUSALEMMUNI\\venv\\Lib\\site-packages\\behave\\matchers.py\", line 98, in run\n    self.func(context, *args, **kwargs)\n  File \"steps\\general.py\", line 162, in field_has_invalid_value\n    assert widget.is_invalid is True and widget.is_valid is False and widget.check_alert_text(\n                                                                      ^^^^^^^^^^^^^^^^^^^^^^^^\n"}, "steps": [{"name": "Given I navigate to \"ConfirmationForStructure\" page", "status": "passed", "start": 1675983239520, "stop": 1675983239521}, {"name": "When I write \"אבג/()\" in \"שם משפחה\"", "status": "passed", "start": 1675983239521, "stop": 1675983239603}, {"name": "Then field \"שם משפחה\" has invalid value and with alert \"יש להזין אותיות בעברית בלבד ותווים מיוחדים\"", "status": "failed", "statusDetails": {"message": "AssertionError: Field שם משפחה  considered as valid in the invalid test\n", "trace": "  File \"C:\\Users\\LENOVO\\Desktop\\JERUSALEMMUNI\\venv\\Lib\\site-packages\\behave\\model.py\", line 1329, in run\n    match.run(runner.context)\n  File \"C:\\Users\\LENOVO\\Desktop\\JERUSALEMMUNI\\venv\\Lib\\site-packages\\behave\\matchers.py\", line 98, in run\n    self.func(context, *args, **kwargs)\n  File \"steps\\general.py\", line 162, in field_has_invalid_value\n    assert widget.is_invalid is True and widget.is_valid is False and widget.check_alert_text(\n                                                                      ^^^^^^^^^^^^^^^^^^^^^^^^\n"}, "attachments": [{"name": "ScreenShot After Failure", "source": "30fead9f-27fb-418b-91a5-fecb94400820-attachment.png", "type": "image/png"}], "start": 1675983239603, "stop": 1675983239833}], "parameters": [{"name": "text", "value": "אבג/()"}], "start": 1675983239519, "stop": 1675983239834, "uuid": "900a4e33-e8e0-4aba-b8cb-2e886465d367", "historyId": "0b1caabda71459cbad18fdb1f658a2de", "fullName": "Testing confirmation for structure page: Family name field test with invalid values to test the alert \"only numbers and special characters allowed\" message", "labels": [{"name": "severity", "value": "critical"}, {"name": "feature", "value": "Testing confirmation for structure page"}, {"name": "framework", "value": "behave"}, {"name": "language", "value": "cpython3"}]}