{"name": "I.D. field test with invalid values to test the alert \"not correct\" message -- @1.4 ", "status": "failed", "statusDetails": {"message": "AssertionError: Field מספר ת.ז.  considered as valid in the invalid test\n", "trace": "  File \"C:\\Users\\LENOVO\\Desktop\\JERUSALEMMUNI\\venv\\Lib\\site-packages\\behave\\model.py\", line 1329, in run\n    match.run(runner.context)\n  File \"C:\\Users\\LENOVO\\Desktop\\JERUSALEMMUNI\\venv\\Lib\\site-packages\\behave\\matchers.py\", line 98, in run\n    self.func(context, *args, **kwargs)\n  File \"steps\\general.py\", line 162, in field_has_invalid_value\n    assert widget.is_invalid is True and widget.is_valid is False and widget.check_alert_text(\n                                                                      ^^^^^^^^^^^^^^^^^^^^^^^^\n"}, "steps": [{"name": "Given I navigate to \"ConfirmationForStructure\" page", "status": "passed", "start": 1675983241751, "stop": 1675983241752}, {"name": "When I write \"2345\" in \"מספר ת.ז.\"", "status": "passed", "start": 1675983241752, "stop": 1675983241832}, {"name": "Then field \"מספר ת.ז.\" has invalid value and with alert \"מספר זהות לא תקין\"", "status": "failed", "statusDetails": {"message": "AssertionError: Field מספר ת.ז.  considered as valid in the invalid test\n", "trace": "  File \"C:\\Users\\LENOVO\\Desktop\\JERUSALEMMUNI\\venv\\Lib\\site-packages\\behave\\model.py\", line 1329, in run\n    match.run(runner.context)\n  File \"C:\\Users\\LENOVO\\Desktop\\JERUSALEMMUNI\\venv\\Lib\\site-packages\\behave\\matchers.py\", line 98, in run\n    self.func(context, *args, **kwargs)\n  File \"steps\\general.py\", line 162, in field_has_invalid_value\n    assert widget.is_invalid is True and widget.is_valid is False and widget.check_alert_text(\n                                                                      ^^^^^^^^^^^^^^^^^^^^^^^^\n"}, "attachments": [{"name": "ScreenShot After Failure", "source": "82b48e86-6186-4090-b6c4-b766e1738f41-attachment.png", "type": "image/png"}], "start": 1675983241832, "stop": 1675983242008}], "parameters": [{"name": "text", "value": "2345"}], "start": 1675983241751, "stop": 1675983242009, "uuid": "68ee8900-01a0-4dff-a325-0e6b8e8b00cb", "historyId": "d632b118255507ad463f5113f4b9dd09", "fullName": "Testing confirmation for structure page: I.D. field test with invalid values to test the alert \"not correct\" message", "labels": [{"name": "severity", "value": "critical"}, {"name": "feature", "value": "Testing confirmation for structure page"}, {"name": "framework", "value": "behave"}, {"name": "language", "value": "cpython3"}]}