{"name": "Email field test with invalid values to test \"incorrect feild\" alert -- @1.15 ", "status": "failed", "statusDetails": {"message": "AssertionError: Field דוא\"ל  considered as valid in the invalid test\n", "trace": "  File \"C:\\Users\\LENOVO\\Desktop\\JERUSALEMMUNI\\venv\\Lib\\site-packages\\behave\\model.py\", line 1329, in run\n    match.run(runner.context)\n  File \"C:\\Users\\LENOVO\\Desktop\\JERUSALEMMUNI\\venv\\Lib\\site-packages\\behave\\matchers.py\", line 98, in run\n    self.func(context, *args, **kwargs)\n  File \"steps\\general.py\", line 162, in field_has_invalid_value\n    assert widget.is_invalid is True and widget.is_valid is False and widget.check_alert_text(\n                                                                      ^^^^^^^^^^^^^^^^^^^^^^^^\n"}, "steps": [{"name": "Given I navigate to \"ConfirmationForStructure\" page", "status": "passed", "start": 1675983263720, "stop": 1675983263721}, {"name": "When I write \"email.with%percent@com.com\" in \"דוא\"ל\"", "status": "passed", "start": 1675983263721, "stop": 1675983263821}, {"name": "Then field \"דוא\"ל\" has invalid value and with alert \"שדה לא תקין\"", "status": "failed", "statusDetails": {"message": "AssertionError: Field דוא\"ל  considered as valid in the invalid test\n", "trace": "  File \"C:\\Users\\LENOVO\\Desktop\\JERUSALEMMUNI\\venv\\Lib\\site-packages\\behave\\model.py\", line 1329, in run\n    match.run(runner.context)\n  File \"C:\\Users\\LENOVO\\Desktop\\JERUSALEMMUNI\\venv\\Lib\\site-packages\\behave\\matchers.py\", line 98, in run\n    self.func(context, *args, **kwargs)\n  File \"steps\\general.py\", line 162, in field_has_invalid_value\n    assert widget.is_invalid is True and widget.is_valid is False and widget.check_alert_text(\n                                                                      ^^^^^^^^^^^^^^^^^^^^^^^^\n"}, "attachments": [{"name": "ScreenShot After Failure", "source": "dd63f3c2-9a5b-4ef5-8647-0a0f72fbf113-attachment.png", "type": "image/png"}], "start": 1675983263821, "stop": 1675983263996}], "parameters": [{"name": "text", "value": "email.with%percent@com.com"}], "start": 1675983263720, "stop": 1675983263997, "uuid": "bc201893-8470-4b0e-857c-a0755df58d27", "historyId": "129ef5de11793ffb0f6bba7be8a41c42", "fullName": "Testing confirmation for structure page: Email field test with invalid values to test \"incorrect feild\" alert", "labels": [{"name": "severity", "value": "critical"}, {"name": "feature", "value": "Testing confirmation for structure page"}, {"name": "framework", "value": "behave"}, {"name": "language", "value": "cpython3"}]}