{"name": "Family name field test with invalid values to test the alert \"only numbers and special characters allowed\" message -- @1.37 ", "status": "failed", "statusDetails": {"message": "AssertionError: Field שם משפחה  considered as valid in the invalid test\n", "trace": "  File \"C:\\Users\\LENOVO\\Desktop\\JERUSALEMMUNI\\venv\\Lib\\site-packages\\behave\\model.py\", line 1329, in run\n    match.run(runner.context)\n  File \"C:\\Users\\LENOVO\\Desktop\\JERUSALEMMUNI\\venv\\Lib\\site-packages\\behave\\matchers.py\", line 98, in run\n    self.func(context, *args, **kwargs)\n  File \"steps\\general.py\", line 162, in field_has_invalid_value\n    assert widget.is_invalid is True and widget.is_valid is False and widget.check_alert_text(\n                                                                      ^^^^^^^^^^^^^^^^^^^^^^^^\n"}, "steps": [{"name": "Given I navigate to \"ConfirmationForStructure\" page", "status": "passed", "start": 1675983240012, "stop": 1675983240013}, {"name": "When I write \"חכלכיעחלך\" in \"שם משפחה\"", "status": "passed", "start": 1675983240013, "stop": 1675983240106}, {"name": "Then field \"שם משפחה\" has invalid value and with alert \"יש להזין אותיות בעברית בלבד ותווים מיוחדים\"", "status": "failed", "statusDetails": {"message": "AssertionError: Field שם משפחה  considered as valid in the invalid test\n", "trace": "  File \"C:\\Users\\LENOVO\\Desktop\\JERUSALEMMUNI\\venv\\Lib\\site-packages\\behave\\model.py\", line 1329, in run\n    match.run(runner.context)\n  File \"C:\\Users\\LENOVO\\Desktop\\JERUSALEMMUNI\\venv\\Lib\\site-packages\\behave\\matchers.py\", line 98, in run\n    self.func(context, *args, **kwargs)\n  File \"steps\\general.py\", line 162, in field_has_invalid_value\n    assert widget.is_invalid is True and widget.is_valid is False and widget.check_alert_text(\n                                                                      ^^^^^^^^^^^^^^^^^^^^^^^^\n"}, "attachments": [{"name": "ScreenShot After Failure", "source": "f23d182c-e6c5-4f58-8c13-9f3fca1f7d82-attachment.png", "type": "image/png"}], "start": 1675983240107, "stop": 1675983240277}], "parameters": [{"name": "text", "value": "חכלכיעחלך"}], "start": 1675983240011, "stop": 1675983240277, "uuid": "330d9d88-d59d-4a86-a725-8f1cc7b1ffc8", "historyId": "158b366770bd53297391f8720abfb767", "fullName": "Testing confirmation for structure page: Family name field test with invalid values to test the alert \"only numbers and special characters allowed\" message", "labels": [{"name": "severity", "value": "critical"}, {"name": "feature", "value": "Testing confirmation for structure page"}, {"name": "framework", "value": "behave"}, {"name": "language", "value": "cpython3"}]}